Flow report for VSMP
Sat Apr 28 21:42:44 2018
Quartus II 32-bit Version 12.1 Build 243 01/31/2013 Service Pack 1 SJ Web Edition


---------------------
; Table of Contents ;
---------------------
  1. Legal Notice
  2. Flow Summary
  3. Flow Settings
  4. Flow Non-Default Global Settings
  5. Flow Elapsed Time
  6. Flow OS Summary
  7. Flow Log



----------------
; Legal Notice ;
----------------
Copyright (C) 1991-2012 Altera Corporation
Your use of Altera Corporation's design tools, logic functions 
and other software and tools, and its AMPP partner logic 
functions, and any output files from any of the foregoing 
(including device programming or simulation files), and any 
associated documentation or information are expressly subject 
to the terms and conditions of the Altera Program License 
Subscription Agreement, Altera MegaCore Function License 
Agreement, or other applicable license agreement, including, 
without limitation, that your use is for the sole purpose of 
programming logic devices manufactured by Altera and sold by 
Altera or its authorized distributors.  Please refer to the 
applicable agreement for further details.



+------------------------------------------------------------------------------------+
; Flow Summary                                                                       ;
+------------------------------------+-----------------------------------------------+
; Flow Status                        ; Successful - Sat Apr 28 21:42:44 2018         ;
; Quartus II 32-bit Version          ; 12.1 Build 243 01/31/2013 SP 1 SJ Web Edition ;
; Revision Name                      ; VSMP                                          ;
; Top-level Entity Name              ; VSMP                                          ;
; Family                             ; Cyclone IV GX                                 ;
; Total logic elements               ; 3 / 21,280 ( < 1 % )                          ;
;     Total combinational functions  ; 3 / 21,280 ( < 1 % )                          ;
;     Dedicated logic registers      ; 3 / 21,280 ( < 1 % )                          ;
; Total registers                    ; 3                                             ;
; Total pins                         ; 63 / 167 ( 38 % )                             ;
; Total virtual pins                 ; 0                                             ;
; Total memory bits                  ; 0 / 774,144 ( 0 % )                           ;
; Embedded Multiplier 9-bit elements ; 0 / 80 ( 0 % )                                ;
; Total GXB Receiver Channel PCS     ; 0 / 4 ( 0 % )                                 ;
; Total GXB Receiver Channel PMA     ; 0 / 4 ( 0 % )                                 ;
; Total GXB Transmitter Channel PCS  ; 0 / 4 ( 0 % )                                 ;
; Total GXB Transmitter Channel PMA  ; 0 / 4 ( 0 % )                                 ;
; Total PLLs                         ; 0 / 4 ( 0 % )                                 ;
; Device                             ; EP4CGX22CF19C6                                ;
; Timing Models                      ; Final                                         ;
+------------------------------------+-----------------------------------------------+


+-----------------------------------------+
; Flow Settings                           ;
+-------------------+---------------------+
; Option            ; Setting             ;
+-------------------+---------------------+
; Start date & time ; 04/28/2018 21:42:09 ;
; Main task         ; Compilation         ;
; Revision Name     ; VSMP                ;
+-------------------+---------------------+


+-------------------------------------------------------------------------------------------------------------------+
; Flow Non-Default Global Settings                                                                                  ;
+-------------------------------------+------------------------------+---------------+-------------+----------------+
; Assignment Name                     ; Value                        ; Default Value ; Entity Name ; Section Id     ;
+-------------------------------------+------------------------------+---------------+-------------+----------------+
; COMPILER_SIGNATURE_ID               ; 345052807176.152494452838104 ; --            ; --          ; --             ;
; EDA_OUTPUT_DATA_FORMAT              ; Verilog Hdl                  ; --            ; --          ; eda_simulation ;
; EDA_SIMULATION_TOOL                 ; ModelSim-Altera (Verilog)    ; <None>        ; --          ; --             ;
; PARTITION_COLOR                     ; 16764057                     ; --            ; --          ; Top            ;
; PARTITION_FITTER_PRESERVATION_LEVEL ; PLACEMENT_AND_ROUTING        ; --            ; --          ; Top            ;
; PARTITION_NETLIST_TYPE              ; SOURCE                       ; --            ; --          ; Top            ;
+-------------------------------------+------------------------------+---------------+-------------+----------------+


+-------------------------------------------------------------------------------------------------------------------------------+
; Flow Elapsed Time                                                                                                             ;
+---------------------------+--------------+-------------------------+---------------------+------------------------------------+
; Module Name               ; Elapsed Time ; Average Processors Used ; Peak Virtual Memory ; Total CPU Time (on all processors) ;
+---------------------------+--------------+-------------------------+---------------------+------------------------------------+
; Analysis & Synthesis      ; 00:00:02     ; 1.0                     ; 395 MB              ; 00:00:03                           ;
; Fitter                    ; 00:00:17     ; 1.2                     ; 583 MB              ; 00:00:19                           ;
; Assembler                 ; 00:00:04     ; 1.0                     ; 419 MB              ; 00:00:04                           ;
; TimeQuest Timing Analyzer ; 00:00:04     ; 1.0                     ; 416 MB              ; 00:00:05                           ;
; EDA Netlist Writer        ; 00:00:01     ; 1.0                     ; 362 MB              ; 00:00:02                           ;
; Total                     ; 00:00:28     ; --                      ; --                  ; 00:00:33                           ;
+---------------------------+--------------+-------------------------+---------------------+------------------------------------+


+----------------------------------------------------------------------------------------+
; Flow OS Summary                                                                        ;
+---------------------------+------------------+-----------+------------+----------------+
; Module Name               ; Machine Hostname ; OS Name   ; OS Version ; Processor type ;
+---------------------------+------------------+-----------+------------+----------------+
; Analysis & Synthesis      ; Alaa-Salman      ; Windows 7 ; 6.2        ; x86_64         ;
; Fitter                    ; Alaa-Salman      ; Windows 7 ; 6.2        ; x86_64         ;
; Assembler                 ; Alaa-Salman      ; Windows 7 ; 6.2        ; x86_64         ;
; TimeQuest Timing Analyzer ; Alaa-Salman      ; Windows 7 ; 6.2        ; x86_64         ;
; EDA Netlist Writer        ; Alaa-Salman      ; Windows 7 ; 6.2        ; x86_64         ;
+---------------------------+------------------+-----------+------------+----------------+


------------
; Flow Log ;
------------
quartus_map --read_settings_files=on --write_settings_files=off VSMP -c VSMP
quartus_fit --read_settings_files=off --write_settings_files=off VSMP -c VSMP
quartus_asm --read_settings_files=off --write_settings_files=off VSMP -c VSMP
quartus_sta VSMP -c VSMP
quartus_eda --read_settings_files=off --write_settings_files=off VSMP -c VSMP



